<?xml version="1.0" encoding="UTF-8"?>
<!-- Generated by org.testng.reporters.JUnitReportReporter -->
<testsuite hostname="Shilpas-MacBook-Pro.local" failures="0" tests="1" name="theInternetTestSuite.CheckBoxTest" time="0.312" errors="0" timestamp="2024-06-21T16:44:05 AEST" skipped="0">
  <testcase classname="theInternetTestSuite.CheckBoxTest" name="loadCheckBoxPage" time="0.312"/>
</testsuite> <!-- theInternetTestSuite.CheckBoxTest -->
