<?xml version="1.0" encoding="UTF-8"?>
<!-- Generated by org.testng.reporters.JUnitReportReporter -->
<testsuite hostname="Shilpas-MacBook-Pro.local" failures="0" tests="2" name="theInternetTestSuite.HomePageTest" time="6.375" errors="0" timestamp="2024-06-13T19:05:01 AEST" skipped="0">
  <testcase classname="theInternetTestSuite.HomePageTest" name="OpenPageTest" time="6.356"/>
  <testcase classname="theInternetTestSuite.HomePageTest" name="testPageHeading" time="0.019"/>
</testsuite> <!-- theInternetTestSuite.HomePageTest -->
