<?xml version="1.0" encoding="UTF-8"?>
<!-- Generated by org.testng.reporters.JUnitReportReporter -->
<testsuite hostname="Shilpas-MacBook-Pro.local" failures="0" tests="3" name="TheInternetTestSuite.TheInternetTest" time="3.984" errors="0" timestamp="2024-05-24T20:11:33 AEST" skipped="0">
  <testcase classname="TheInternetTestSuite.TheInternetTest" name="NavigateTest" time="0.000"/>
  <testcase classname="TheInternetTestSuite.TheInternetTest" name="OpenPageTest" time="3.984"/>
  <testcase classname="TheInternetTestSuite.TheInternetTest" name="testLinkTest" time="0.000"/>
</testsuite> <!-- TheInternetTestSuite.TheInternetTest -->
