<?xml version="1.0" encoding="UTF-8"?>
<!-- Generated by org.testng.reporters.JUnitReportReporter -->
<testsuite hostname="Shilpas-MacBook-Pro.local" failures="0" tests="4" name="TheInternetTestSuite.TheInternetTest" time="3.295" errors="0" timestamp="2024-06-03T13:42:23 AEST" skipped="0">
  <testcase classname="TheInternetTestSuite.TheInternetTest" name="NavigateTest" time="0.001"/>
  <testcase classname="TheInternetTestSuite.TheInternetTest" name="OpenPageTest" time="3.252"/>
  <testcase classname="TheInternetTestSuite.TheInternetTest" name="testPageHeading" time="0.020"/>
  <testcase classname="TheInternetTestSuite.TheInternetTest" name="testScrollPageToEnd" time="0.022"/>
</testsuite> <!-- TheInternetTestSuite.TheInternetTest -->
