<?xml version="1.0" encoding="UTF-8"?>
<!-- Generated by org.testng.reporters.JUnitReportReporter -->
<testsuite hostname="Shilpas-MacBook-Pro.local" failures="0" tests="2" name="theInternetTestSuite.HomePageTest" time="3.233" errors="0" timestamp="2024-06-13T04:39:01 AEST" skipped="0">
  <testcase classname="theInternetTestSuite.HomePageTest" name="OpenPageTest" time="3.216"/>
  <testcase classname="theInternetTestSuite.HomePageTest" name="testPageHeading" time="0.017"/>
</testsuite> <!-- theInternetTestSuite.HomePageTest -->
